<?xml version="1.0" encoding="UTF-8"?>
<!-- Generated by org.testng.reporters.JUnitXMLReporter -->
<testsuite ignored="0" hostname="home-PC" failures="0" tests="5" name="Default test" time="96.408" errors="0" timestamp="2024-04-03T14:12:52 IST">
  <testcase classname="org.test.Flipkart" name="tc01_launchBrowser" time="33.82"/>
  <testcase classname="org.test.Flipkart" name="tc02_navigateProductDescriptionPage" time="44.658"/>
  <testcase classname="org.test.Flipkart" name="tc03_verifyImage" time="8.542"/>
  <testcase classname="org.test.Flipkart" name="tc04_verifyPrice" time="7.649"/>
  <testcase classname="org.test.Flipkart" name="tc05_closeTheBrowser" time="1.501"/>
</testsuite> <!-- Default test -->
